<?xml version="1.0" encoding="UTF-8"?>
<testsuite xmlns:xsi="http://www.w3.org/2001/XMLSchema-instance" xsi:noNamespaceSchemaLocation="https://maven.apache.org/surefire/maven-surefire-plugin/xsd/surefire-test-report-3.0.xsd" version="3.0" name="TennisGameTest" time="0.211" tests="31" errors="0" skipped="0" failures="0">
  <properties>
[...]
</properties>
  <testcase name="should_return_correct_tennis_score(TestCase)[1]" classname="TennisGameTest" time="0.041"/>
  <testcase name="should_return_correct_tennis_score(TestCase)[2]" classname="TennisGameTest" time="0.005"/>
  <testcase name="should_return_correct_tennis_score(TestCase)[3]" classname="TennisGameTest" time="0.002"/>
  <testcase name="should_return_correct_tennis_score(TestCase)[4]" classname="TennisGameTest" time="0.001"/>
  <testcase name="should_return_correct_tennis_score(TestCase)[5]" classname="TennisGameTest" time="0.001"/>
  <testcase name="should_return_correct_tennis_score(TestCase)[6]" classname="TennisGameTest" time="0.002"/>
  <testcase name="should_return_correct_tennis_score(TestCase)[7]" classname="TennisGameTest" time="0.002"/>
  <testcase name="should_return_correct_tennis_score(TestCase)[8]" classname="TennisGameTest" time="0.001"/>
  <testcase name="should_return_correct_tennis_score(TestCase)[9]" classname="TennisGameTest" time="0.001"/>
  <testcase name="should_return_correct_tennis_score(TestCase)[10]" classname="TennisGameTest" time="0.001"/>
  <testcase name="should_return_correct_tennis_score(TestCase)[11]" classname="TennisGameTest" time="0.002"/>
  <testcase name="should_return_correct_tennis_score(TestCase)[12]" classname="TennisGameTest" time="0.001"/>
  <testcase name="should_return_correct_tennis_score(TestCase)[13]" classname="TennisGameTest" time="0.001"/>
  <testcase name="should_return_correct_tennis_score(TestCase)[14]" classname="TennisGameTest" time="0.003"/>
  <testcase name="should_return_correct_tennis_score(TestCase)[15]" classname="TennisGameTest" time="0.0"/>
  <testcase name="should_return_correct_tennis_score(TestCase)[16]" classname="TennisGameTest" time="0.001"/>
  <testcase name="should_return_correct_tennis_score(TestCase)[17]" classname="TennisGameTest" time="0.002"/>
  <testcase name="should_return_correct_tennis_score(TestCase)[18]" classname="TennisGameTest" time="0.001"/>
  <testcase name="should_return_correct_tennis_score(TestCase)[19]" classname="TennisGameTest" time="0.001"/>
  <testcase name="should_return_correct_tennis_score(TestCase)[20]" classname="TennisGameTest" time="0.001"/>
  <testcase name="should_return_correct_tennis_score(TestCase)[21]" classname="TennisGameTest" time="0.001"/>
  <testcase name="should_return_correct_tennis_score(TestCase)[22]" classname="TennisGameTest" time="0.001"/>
  <testcase name="should_return_correct_tennis_score(TestCase)[23]" classname="TennisGameTest" time="0.001"/>
  <testcase name="should_return_correct_tennis_score(TestCase)[24]" classname="TennisGameTest" time="0.001"/>
  <testcase name="should_throw_exception_for_invalid_scores(TestCase)[1]" classname="TennisGameTest" time="0.006"/>
  <testcase name="should_throw_exception_for_invalid_scores(TestCase)[2]" classname="TennisGameTest" time="0.001"/>
  <testcase name="should_throw_exception_for_invalid_scores(TestCase)[3]" classname="TennisGameTest" time="0.001"/>
  <testcase name="should_throw_exception_for_invalid_scores(TestCase)[4]" classname="TennisGameTest" time="0.001"/>
  <testcase name="should_throw_exception_for_invalid_scores(TestCase)[5]" classname="TennisGameTest" time="0.002"/>
  <testcase name="should_throw_exception_for_invalid_scores(TestCase)[6]" classname="TennisGameTest" time="0.001"/>
  <testcase name="should_throw_exception_for_invalid_scores(TestCase)[7]" classname="TennisGameTest" time="0.001"/>
</testsuite>